<?xml version="1.0" encoding="UTF-8"?>
<!-- Generated by org.testng.reporters.JUnitXMLReporter -->
<testsuite ignored="0" hostname="LAPTOP-56N481MG" failures="0" tests="3" name="Default test" time="0.271" errors="0" timestamp="2024-04-01T20:48:18 IST">
  <testcase classname="OddEvenPrime.OddEvenPrime.OEPTest" name="testEven" time="0.056"/>
  <testcase classname="OddEvenPrime.OddEvenPrime.OEPTest" name="testOdd" time="0.01"/>
  <testcase classname="OddEvenPrime.OddEvenPrime.OEPTest" name="testPrime" time="0.008"/>
</testsuite> <!-- Default test -->
