<?xml version="1.0" encoding="UTF-8"?>
<testng-results ignored="0" total="3" passed="3" failed="0" skipped="0">
  <reporter-output>
  </reporter-output>
  <suite started-at="2024-04-01T20:48:18 IST" name="Default suite" finished-at="2024-04-01T20:48:18 IST" duration-ms="271">
    <groups>
    </groups>
    <test started-at="2024-04-01T20:48:18 IST" name="Default test" finished-at="2024-04-01T20:48:18 IST" duration-ms="271">
      <class name="OddEvenPrime.OddEvenPrime.OEPTest">
        <test-method signature="testEven()[pri:0, instance:OddEvenPrime.OddEvenPrime.OEPTest@14cd1699]" started-at="2024-04-01T20:48:18 IST" name="testEven" finished-at="2024-04-01T20:48:18 IST" duration-ms="56" status="PASS">
          <reporter-output>
          </reporter-output>
        </test-method> <!-- testEven -->
        <test-method signature="testOdd()[pri:0, instance:OddEvenPrime.OddEvenPrime.OEPTest@14cd1699]" started-at="2024-04-01T20:48:18 IST" name="testOdd" finished-at="2024-04-01T20:48:18 IST" duration-ms="10" status="PASS">
          <reporter-output>
          </reporter-output>
        </test-method> <!-- testOdd -->
        <test-method signature="testPrime()[pri:0, instance:OddEvenPrime.OddEvenPrime.OEPTest@14cd1699]" started-at="2024-04-01T20:48:18 IST" name="testPrime" finished-at="2024-04-01T20:48:18 IST" duration-ms="8" status="PASS">
          <reporter-output>
          </reporter-output>
        </test-method> <!-- testPrime -->
      </class> <!-- OddEvenPrime.OddEvenPrime.OEPTest -->
    </test> <!-- Default test -->
  </suite> <!-- Default suite -->
</testng-results>
